2020-11-04 00:55:47 DEBUG AnnotationConfigApplicationContext:596 - Refreshing org.springframework.context.annotation.AnnotationConfigApplicationContext@4b9e255
2020-11-04 00:55:47 DEBUG DefaultListableBeanFactory:225 - Creating shared instance of singleton bean 'org.springframework.context.annotation.internalConfigurationAnnotationProcessor'
2020-11-04 00:55:47 DEBUG ClassPathBeanDefinitionScanner:435 - Identified candidate component class: file [C:\Users\HP\Documents\workspace-spring-tool-suite-4-4.8.1.RELEASE\Assignment\CustomerApplication\target\classes\com\cg\customer\dao\CustomerDaoImpl.class]
2020-11-04 00:55:47 DEBUG ClassPathBeanDefinitionScanner:435 - Identified candidate component class: file [C:\Users\HP\Documents\workspace-spring-tool-suite-4-4.8.1.RELEASE\Assignment\CustomerApplication\target\classes\com\cg\customer\service\CustomerServiceImpl.class]
2020-11-04 00:55:47 DEBUG ClassPathBeanDefinitionScanner:435 - Identified candidate component class: file [C:\Users\HP\Documents\workspace-spring-tool-suite-4-4.8.1.RELEASE\Assignment\CustomerApplication\target\classes\com\cg\customer\ui\ProjectUi.class]
2020-11-04 00:55:47 DEBUG DefaultListableBeanFactory:225 - Creating shared instance of singleton bean 'org.springframework.context.event.internalEventListenerProcessor'
2020-11-04 00:55:47 DEBUG DefaultListableBeanFactory:225 - Creating shared instance of singleton bean 'org.springframework.context.event.internalEventListenerFactory'
2020-11-04 00:55:47 DEBUG DefaultListableBeanFactory:225 - Creating shared instance of singleton bean 'org.springframework.context.annotation.internalAutowiredAnnotationProcessor'
2020-11-04 00:55:47 DEBUG DefaultListableBeanFactory:225 - Creating shared instance of singleton bean 'org.springframework.context.annotation.internalCommonAnnotationProcessor'
2020-11-04 00:55:47 DEBUG DefaultListableBeanFactory:225 - Creating shared instance of singleton bean 'javaConfiguration'
2020-11-04 00:55:47 DEBUG DefaultListableBeanFactory:225 - Creating shared instance of singleton bean 'customerDaoImpl'
2020-11-04 00:55:47 DEBUG DefaultListableBeanFactory:225 - Creating shared instance of singleton bean 'customerServiceImpl'
2020-11-04 00:55:47 DEBUG DefaultListableBeanFactory:225 - Creating shared instance of singleton bean 'projectUi'
2020-11-04 01:12:30 DEBUG AnnotationConfigApplicationContext:596 - Refreshing org.springframework.context.annotation.AnnotationConfigApplicationContext@1e4a7dd4
2020-11-04 01:12:30 DEBUG DefaultListableBeanFactory:225 - Creating shared instance of singleton bean 'org.springframework.context.annotation.internalConfigurationAnnotationProcessor'
2020-11-04 01:12:30 DEBUG ClassPathBeanDefinitionScanner:435 - Identified candidate component class: file [C:\Users\HP\Documents\workspace-spring-tool-suite-4-4.8.1.RELEASE\Assignment\CustomerApplication\target\classes\com\cg\customer\dao\CustomerDaoImpl.class]
2020-11-04 01:12:30 DEBUG ClassPathBeanDefinitionScanner:435 - Identified candidate component class: file [C:\Users\HP\Documents\workspace-spring-tool-suite-4-4.8.1.RELEASE\Assignment\CustomerApplication\target\classes\com\cg\customer\service\CustomerServiceImpl.class]
2020-11-04 01:12:30 DEBUG ClassPathBeanDefinitionScanner:435 - Identified candidate component class: file [C:\Users\HP\Documents\workspace-spring-tool-suite-4-4.8.1.RELEASE\Assignment\CustomerApplication\target\classes\com\cg\customer\ui\ProjectUi.class]
2020-11-04 01:12:30 DEBUG DefaultListableBeanFactory:225 - Creating shared instance of singleton bean 'org.springframework.context.event.internalEventListenerProcessor'
2020-11-04 01:12:30 DEBUG DefaultListableBeanFactory:225 - Creating shared instance of singleton bean 'org.springframework.context.event.internalEventListenerFactory'
2020-11-04 01:12:30 DEBUG DefaultListableBeanFactory:225 - Creating shared instance of singleton bean 'org.springframework.context.annotation.internalAutowiredAnnotationProcessor'
2020-11-04 01:12:30 DEBUG DefaultListableBeanFactory:225 - Creating shared instance of singleton bean 'org.springframework.context.annotation.internalCommonAnnotationProcessor'
2020-11-04 01:12:30 DEBUG DefaultListableBeanFactory:225 - Creating shared instance of singleton bean 'javaConfiguration'
2020-11-04 01:12:30 DEBUG DefaultListableBeanFactory:225 - Creating shared instance of singleton bean 'customerDaoImpl'
2020-11-04 01:12:30 DEBUG DefaultListableBeanFactory:225 - Creating shared instance of singleton bean 'customerServiceImpl'
2020-11-04 01:12:30 DEBUG DefaultListableBeanFactory:225 - Creating shared instance of singleton bean 'projectUi'
